<?xml version="1.0" encoding="UTF-8"?>
<!-- Generated by org.testng.reporters.JUnitReportReporter -->
<testsuite hostname="Munnangi" failures="0" tests="1" name="testpackage.AssertionDemo1" time="22.260" errors="0" timestamp="2024-06-25T22:48:41 IST" skipped="0">
  <testcase classname="testpackage.AssertionDemo1" name="case1" time="22.260"/>
  <system-out/>
</testsuite> <!-- testpackage.AssertionDemo1 -->
