<?xml version="1.0" encoding="UTF-8"?>
<!-- Generated by org.testng.reporters.JUnitReportReporter -->
<testsuite hostname="Munnangi" failures="0" tests="1" name="testpackage.Scenario2Assertion$case2" time="24.132" errors="0" timestamp="2024-06-26T13:03:07 IST" skipped="0">
  <testcase classname="testpackage.Scenario2Assertion$case2" name="Second" time="24.132"/>
  <system-out/>
</testsuite> <!-- testpackage.Scenario2Assertion$case2 -->
