<?xml version="1.0" encoding="UTF-8"?>
<!-- Generated by org.testng.reporters.JUnitReportReporter -->
<testsuite hostname="Munnangi" failures="0" tests="1" name="testpackage.Scenario2$case2" time="16.314" errors="0" timestamp="2024-06-25T23:25:37 IST" skipped="0">
  <testcase classname="testpackage.Scenario2$case2" name="Second" time="16.314"/>
  <system-out/>
</testsuite> <!-- testpackage.Scenario2$case2 -->
