<?xml version="1.0" encoding="UTF-8"?>
<!-- Generated by org.testng.reporters.JUnitReportReporter -->
<testsuite hostname="Munnangi" failures="0" tests="1" name="testpackage.Scenario1Assertion" time="12.542" errors="0" timestamp="2024-06-27T15:47:55 IST" skipped="0">
  <testcase classname="testpackage.Scenario1Assertion" name="First" time="12.542"/>
  <system-out/>
</testsuite> <!-- testpackage.Scenario1Assertion -->
