<?xml version="1.0" encoding="UTF-8"?>
<!-- Generated by org.testng.reporters.JUnitReportReporter -->
<testsuite hostname="Munnangi" failures="0" tests="1" name="testpackage.Scenario7Assertion" time="10.051" errors="0" timestamp="2024-06-26T18:22:29 IST" skipped="0">
  <testcase classname="testpackage.Scenario7Assertion" name="scenario7" time="10.051"/>
  <system-out/>
</testsuite> <!-- testpackage.Scenario7Assertion -->
