<?xml version="1.0" encoding="UTF-8"?>
<!-- Generated by org.testng.reporters.JUnitReportReporter -->
<testsuite hostname="Munnangi" failures="0" tests="1" name="testpackage.TestClass" time="0.024" errors="0" timestamp="2024-06-25T10:04:26 IST" skipped="0">
  <testcase classname="testpackage.TestClass" name="testdata" time="0.024"/>
  <system-out/>
</testsuite> <!-- testpackage.TestClass -->
