<?xml version="1.0" encoding="UTF-8"?>
<!-- Generated by org.testng.reporters.JUnitReportReporter -->
<testsuite hostname="Munnangi" failures="0" tests="1" name="Sel_Java_Maven.Pro5" time="165.384" errors="0" timestamp="2024-06-23T19:47:36 IST" skipped="0">
  <testcase classname="Sel_Java_Maven.Pro5" name="addedtocart" time="165.384"/>
  <system-out/>
</testsuite> <!-- Sel_Java_Maven.Pro5 -->
