<?xml version="1.0" encoding="UTF-8"?>
<!-- Generated by org.testng.reporters.JUnitReportReporter -->
<testsuite hostname="Munnangi" failures="0" tests="1" name="Sel_Java_Maven.Pro1" time="16.236" errors="0" timestamp="2024-06-21T11:50:33 IST" skipped="0">
  <testcase classname="Sel_Java_Maven.Pro1" name="login_to_amazon" time="16.236"/>
  <system-out/>
</testsuite> <!-- Sel_Java_Maven.Pro1 -->
