<?xml version="1.0" encoding="UTF-8"?>
<!-- Generated by org.testng.reporters.JUnitReportReporter -->
<testsuite hostname="Munnangi" failures="0" tests="1" name="Sel_Java_Maven.Pro4" time="21.828" errors="0" timestamp="2024-06-24T14:41:40 IST" skipped="0">
  <testcase classname="Sel_Java_Maven.Pro4" name="addedtowishlist" time="21.828"/>
  <system-out/>
</testsuite> <!-- Sel_Java_Maven.Pro4 -->
