<?xml version="1.0" encoding="UTF-8"?>
<!-- Generated by org.testng.reporters.JUnitReportReporter -->
<testsuite hostname="Munnangi" failures="0" tests="1" name="Sel_Java_Maven.Pro3" time="10.813" errors="0" timestamp="2024-06-21T12:09:45 IST" skipped="0">
  <testcase classname="Sel_Java_Maven.Pro3" name="searching" time="10.813"/>
  <system-out/>
</testsuite> <!-- Sel_Java_Maven.Pro3 -->
