<?xml version="1.0" encoding="UTF-8"?>
<!-- Generated by org.testng.reporters.JUnitReportReporter -->
<testsuite hostname="Munnangi" failures="0" tests="1" name="Sel_Java_Maven.Pro2" time="0.001" errors="0" timestamp="2024-06-21T11:47:50 IST" skipped="0">
  <testcase classname="Sel_Java_Maven.Pro2" name="signin" time="0.001"/>
  <system-out/>
</testsuite> <!-- Sel_Java_Maven.Pro2 -->
