<?xml version="1.0" encoding="UTF-8"?>
<!-- Generated by org.testng.reporters.JUnitReportReporter -->
<testsuite hostname="Munnangi" failures="0" tests="3" name="Scenarios.Scenario4" time="147.614" errors="0" timestamp="2024-06-25T10:17:35 IST" skipped="0">
  <testcase classname="Scenarios.Scenario4" name="scenario4" time="36.370"/>
  <system-out/>
  <testcase classname="Scenarios.Scenario4" name="scenario4" time="68.879"/>
  <system-out/>
  <testcase classname="Scenarios.Scenario4" name="scenario4" time="42.365"/>
  <system-out/>
</testsuite> <!-- Scenarios.Scenario4 -->
