<?xml version="1.0" encoding="UTF-8"?>
<!-- Generated by org.testng.reporters.JUnitReportReporter -->
<testsuite hostname="Munnangi" failures="0" tests="1" name="SeleniumProgram.TestCase1" time="0.011" errors="0" timestamp="2024-06-25T10:06:27 IST" skipped="0">
  <testcase classname="SeleniumProgram.TestCase1" name="login_to_amazon" time="0.011"/>
  <system-out/>
</testsuite> <!-- SeleniumProgram.TestCase1 -->
