<?xml version="1.0" encoding="UTF-8"?>
<!-- Generated by org.testng.reporters.JUnitReportReporter -->
<testsuite hostname="Munnangi" failures="0" tests="3" name="Scenarios.Scenario2" time="85.671" errors="0" timestamp="2024-06-24T17:43:55 IST" skipped="0">
  <testcase classname="Scenarios.Scenario2" name="Second" time="26.456"/>
  <system-out/>
  <testcase classname="Scenarios.Scenario2" name="Second" time="24.472"/>
  <system-out/>
  <testcase classname="Scenarios.Scenario2" name="Second" time="34.743"/>
  <system-out/>
</testsuite> <!-- Scenarios.Scenario2 -->
