<?xml version="1.0" encoding="UTF-8"?>
<!-- Generated by org.testng.reporters.JUnitReportReporter -->
<testsuite hostname="Munnangi" failures="0" tests="3" name="Scenarios.Scenario3" time="159.891" errors="0" timestamp="2024-06-24T17:49:23 IST" skipped="0">
  <testcase classname="Scenarios.Scenario3" name="Third" time="30.831"/>
  <system-out/>
  <testcase classname="Scenarios.Scenario3" name="Third" time="25.632"/>
  <system-out/>
  <testcase classname="Scenarios.Scenario3" name="Third" time="103.428"/>
  <system-out/>
</testsuite> <!-- Scenarios.Scenario3 -->
