<?xml version="1.0" encoding="UTF-8"?>
<!-- Generated by org.testng.reporters.JUnitReportReporter -->
<testsuite hostname="Munnangi" failures="0" tests="3" name="Sel_Java_Maven.Annotation_Test" time="0.009" errors="0" timestamp="2024-06-14T18:37:44 IST" skipped="0">
  <testcase classname="Sel_Java_Maven.Annotation_Test" name="TestCase2" time="0.003"/>
  <system-out/>
  <testcase classname="Sel_Java_Maven.Annotation_Test" name="TestCase1" time="0.005"/>
  <system-out/>
  <testcase classname="Sel_Java_Maven.Annotation_Test" name="TestCase3" time="0.001"/>
  <system-out/>
</testsuite> <!-- Sel_Java_Maven.Annotation_Test -->
