<?xml version="1.0" encoding="UTF-8"?>
<!-- Generated by org.testng.reporters.JUnitReportReporter -->
<testsuite hostname="Munnangi" failures="0" tests="3" name="Scenarios.Scenario1" time="120.666" errors="0" timestamp="2024-06-25T10:15:10 IST" skipped="0">
  <testcase classname="Scenarios.Scenario1" name="First" time="45.410"/>
  <system-out/>
  <testcase classname="Scenarios.Scenario1" name="First" time="36.679"/>
  <system-out/>
  <testcase classname="Scenarios.Scenario1" name="First" time="38.577"/>
  <system-out/>
</testsuite> <!-- Scenarios.Scenario1 -->
